<?xml version="1.0" encoding="UTF-8" ?>
<testsuite tests="7" failures="0" name="com.virgosol.runner.TestRunner" time="29.594" errors="0" skipped="0">
  <properties>
[...]
</properties>
  <testcase classname="Login Scenarios" name="OrangeHRM Login Scenario" time="5.674"/>
  <testcase classname="Login Scenarios" name="OrangeHRM Login Scenario 2" time="4.415"/>
  <testcase classname="Login Scenarios" name="OrangeHRM Login Scenario 3" time="4.634"/>
  <testcase classname="Login Scenarios" name="MoodleDemo sandbox Login with diff credentials #1" time="3.432"/>
  <testcase classname="Login Scenarios" name="MoodleDemo sandbox Login with diff credentials #2" time="4.14"/>
  <testcase classname="Login Scenarios" name="MoodleDemo sandbox Login with diff credentials #3" time="3.957"/>
  <testcase classname="Login Scenarios" name="MoodleDemo sandbox Login with diff credentials #4" time="3.342"/>
</testsuite>